           1
          68
  
  0.1000000000000E+00   0.5368398749027E-39
  0.1184611100000E+00   0.4876290800308E-34
  0.1403303400000E+00   0.1630202051943E-31
  0.1662368800000E+00   0.3727137382431E-29
  0.1969260500000E+00   0.6890025603601E-27
  0.2332807800000E+00   0.5982434689335E-25
  0.2763469900000E+00   0.4119538637287E-23
  0.3273637100000E+00   0.2301263625721E-21
  0.3877986700000E+00   0.7545765615845E-21
  0.4593906100000E+00   0.8910677913201E-20
  0.5441992000000E+00   0.1582614172656E-19
  0.6446644000000E+00   0.2973519766672E-19
  0.7636765900000E+00   0.4713799837474E-19
  0.9046597500000E+00   0.6491462487734E-19
  0.1071669960000E+01   0.6933566791068E-19
  0.1269512110000E+01   0.7180678514422E-19
  0.1503878110000E+01   0.8187397143400E-19
  0.1781510670000E+01   0.9031868932416E-19
  0.2110397280000E+01   0.7320127486278E-19
  0.2500000000000E+01   0.5630782392591E-19
  0.2930559680000E+01   0.5717320416620E-19
  0.3435272030000E+01   0.4535913382372E-19
  0.4026907880000E+01   0.4250019983159E-19
  0.4720437560000E+01   0.3576841554497E-19
  0.5533409600000E+01   0.3523680123611E-19
  0.6486394830000E+01   0.3601739397864E-19
  0.7603506880000E+01   0.3248721789184E-19
  0.8913012290000E+01   0.3137172111395E-19
  0.1044804579000E+02   0.3295081822639E-19
  0.1224744871000E+02   0.4054810049356E-19
  0.1435675178000E+02   0.3923080189793E-19
  0.1682932718000E+02   0.4180512855598E-19
  0.1972773910000E+02   0.5016290818094E-19
  0.2312532675000E+02   0.5906917869630E-19
  0.2710806011000E+02   0.7340140991997E-19
  0.3177671523000E+02   0.9234993688767E-19
  0.3724942423000E+02   0.1262968313866E-18
  0.4366466436000E+02   0.1873451922970E-18
  0.5118476201000E+02   0.2253973934792E-18
  0.6000000000000E+02   0.2889340174681E-18
  0.7485006608000E+02   0.3894342795701E-18
  0.9337553987000E+02   0.5138388804711E-18
  0.1164860888200E+03   0.6620229082652E-18
  0.1453165240900E+03   0.8128780405163E-18
  0.1812825238400E+03   0.8658689271929E-18
  0.2261501481400E+03   0.7973080101589E-18
  0.2821225588700E+03   0.6705621761899E-18
  0.3519482028900E+03   0.4983472371142E-18
  0.4300000000000E+03   0.3593776080866E-18
  0.4390557707200E+03   0.3443888271240E-18
  0.5477225575100E+03   0.2144196244431E-18
  0.6832844937000E+03   0.1285902922229E-18
  0.8523981584000E+03   0.7057097371114E-19
  0.8870000000000E+03   0.6315773816979E-19
  0.1063367641370E+04   0.3779354248481E-19
  0.1326552303710E+04   0.1969699316505E-19
  0.1330000000000E+04   0.1948622045622E-19
  0.1654875459820E+04   0.9764205888124E-20
  0.2064458958670E+04   0.4891787595772E-20
  0.2575414824550E+04   0.2348116449205E-20
  0.2900000000000E+04   0.1603879803029E-20
  0.3000000000000E+04   0.1406896591927E-20
  0.3212832829970E+04   0.1126672302812E-20
  0.3500000000000E+04   0.8434235777626E-21
  0.4008012493720E+04   0.5455874262054E-21
  0.5000000000000E+04   0.2525924007770E-21
  0.7000000000000E+04   0.8053015524425E-22
  0.9000000000000E+04   0.3415462256197E-22
